# JRE version: Java(TM) SE Runtime Environment (8.0_162-b12) (build 1.8.0_162-b12)
# Java VM: Java HotSpot(TM) 64-Bit Server VM (25.162-b12 mixed mode windows-amd64 compressed oops)
Heap:
 PSYoungGen      total 112128K, used 42688K [0x00000000d5c00000, 0x00000000dec80000, 0x0000000100000000)
  eden space 105472K, 34% used [0x00000000d5c00000,0x00000000d7f58208,0x00000000dc300000)
  from space 6656K, 97% used [0x00000000de600000,0x00000000dec57f28,0x00000000dec80000)
  to   space 8192K, 0% used [0x00000000ddc80000,0x00000000ddc80000,0x00000000de480000)
 ParOldGen       total 55808K, used 6188K [0x0000000081400000, 0x0000000084a80000, 0x00000000d5c00000)
  object space 55808K, 11% used [0x0000000081400000,0x0000000081a0b0a8,0x0000000084a80000)
 Metaspace       used 27283K, capacity 29244K, committed 29568K, reserved 1075200K
  class space    used 3542K, capacity 3882K, committed 3968K, reserved 1048576K
GC Heap History (10 events):
Event: 2.950 GC heap before
{Heap before GC invocations=3 (full 0):
 PSYoungGen      total 38400K, used 38399K [0x00000000d5c00000, 0x00000000d8680000, 0x0000000100000000)
  eden space 33280K, 100% used [0x00000000d5c00000,0x00000000d7c80000,0x00000000d7c80000)
  from space 5120K, 99% used [0x00000000d8180000,0x00000000d867ff40,0x00000000d8680000)
  to   space 5120K, 0% used [0x00000000d7c80000,0x00000000d7c80000,0x00000000d8180000)
 ParOldGen       total 87552K, used 376K [0x0000000081400000, 0x0000000086980000, 0x00000000d5c00000)
  object space 87552K, 0% used [0x0000000081400000,0x000000008145e360,0x0000000086980000)
 Metaspace       used 16914K, capacity 17576K, committed 17920K, reserved 1064960K
  class space    used 2087K, capacity 2246K, committed 2304K, reserved 1048576K
Event: 2.960 GC heap after
Heap after GC invocations=3 (full 0):
 PSYoungGen      total 38400K, used 5107K [0x00000000d5c00000, 0x00000000da700000, 0x0000000100000000)
  eden space 33280K, 0% used [0x00000000d5c00000,0x00000000d5c00000,0x00000000d7c80000)
  from space 5120K, 99% used [0x00000000d7c80000,0x00000000d817cf20,0x00000000d8180000)
  to   space 5120K, 0% used [0x00000000da200000,0x00000000da200000,0x00000000da700000)
 ParOldGen       total 87552K, used 2478K [0x0000000081400000, 0x0000000086980000, 0x00000000d5c00000)
  object space 87552K, 2% used [0x0000000081400000,0x000000008166b918,0x0000000086980000)
 Metaspace       used 16914K, capacity 17576K, committed 17920K, reserved 1064960K
  class space    used 2087K, capacity 2246K, committed 2304K, reserved 1048576K
}
Event: 3.693 GC heap before
{Heap before GC invocations=4 (full 0):
 PSYoungGen      total 38400K, used 38385K [0x00000000d5c00000, 0x00000000da700000, 0x0000000100000000)
  eden space 33280K, 99% used [0x00000000d5c00000,0x00000000d7c7f6a0,0x00000000d7c80000)
  from space 5120K, 99% used [0x00000000d7c80000,0x00000000d817cf20,0x00000000d8180000)
  to   space 5120K, 0% used [0x00000000da200000,0x00000000da200000,0x00000000da700000)
 ParOldGen       total 87552K, used 2478K [0x0000000081400000, 0x0000000086980000, 0x00000000d5c00000)
  object space 87552K, 2% used [0x0000000081400000,0x000000008166b918,0x0000000086980000)
 Metaspace       used 19580K, capacity 20416K, committed 20608K, reserved 1067008K
  class space    used 2431K, capacity 2622K, committed 2688K, reserved 1048576K
Event: 3.702 GC heap after
Heap after GC invocations=4 (full 0):
 PSYoungGen      total 71680K, used 5096K [0x00000000d5c00000, 0x00000000da700000, 0x0000000100000000)
  eden space 66560K, 0% used [0x00000000d5c00000,0x00000000d5c00000,0x00000000d9d00000)
  from space 5120K, 99% used [0x00000000da200000,0x00000000da6fa060,0x00000000da700000)
  to   space 5120K, 0% used [0x00000000d9d00000,0x00000000d9d00000,0x00000000da200000)
 ParOldGen       total 87552K, used 4465K [0x0000000081400000, 0x0000000086980000, 0x00000000d5c00000)
  object space 87552K, 5% used [0x0000000081400000,0x000000008185c760,0x0000000086980000)
 Metaspace       used 19580K, capacity 20416K, committed 20608K, reserved 1067008K
  class space    used 2431K, capacity 2622K, committed 2688K, reserved 1048576K
}
Event: 3.916 GC heap before
{Heap before GC invocations=5 (full 0):
 PSYoungGen      total 71680K, used 49508K [0x00000000d5c00000, 0x00000000da700000, 0x0000000100000000)
  eden space 66560K, 66% used [0x00000000d5c00000,0x00000000d875f120,0x00000000d9d00000)
  from space 5120K, 99% used [0x00000000da200000,0x00000000da6fa060,0x00000000da700000)
  to   space 5120K, 0% used [0x00000000d9d00000,0x00000000d9d00000,0x00000000da200000)
 ParOldGen       total 87552K, used 4465K [0x0000000081400000, 0x0000000086980000, 0x00000000d5c00000)
  object space 87552K, 5% used [0x0000000081400000,0x000000008185c760,0x0000000086980000)
 Metaspace       used 20289K, capacity 21168K, committed 21248K, reserved 1067008K
  class space    used 2516K, capacity 2742K, committed 2816K, reserved 1048576K
Event: 3.926 GC heap after
Heap after GC invocations=5 (full 0):
 PSYoungGen      total 71680K, used 5088K [0x00000000d5c00000, 0x00000000dee00000, 0x0000000100000000)
  eden space 66560K, 0% used [0x00000000d5c00000,0x00000000d5c00000,0x00000000d9d00000)
  from space 5120K, 99% used [0x00000000d9d00000,0x00000000da1f8208,0x00000000da200000)
  to   space 8192K, 0% used [0x00000000de600000,0x00000000de600000,0x00000000dee00000)
 ParOldGen       total 87552K, used 5631K [0x0000000081400000, 0x0000000086980000, 0x00000000d5c00000)
  object space 87552K, 6% used [0x0000000081400000,0x000000008197fd60,0x0000000086980000)
 Metaspace       used 20289K, capacity 21168K, committed 21248K, reserved 1067008K
  class space    used 2516K, capacity 2742K, committed 2816K, reserved 1048576K
}
Event: 3.927 GC heap before
{Heap before GC invocations=6 (full 1):
 PSYoungGen      total 71680K, used 5088K [0x00000000d5c00000, 0x00000000dee00000, 0x0000000100000000)
  eden space 66560K, 0% used [0x00000000d5c00000,0x00000000d5c00000,0x00000000d9d00000)
  from space 5120K, 99% used [0x00000000d9d00000,0x00000000da1f8208,0x00000000da200000)
  to   space 8192K, 0% used [0x00000000de600000,0x00000000de600000,0x00000000dee00000)
 ParOldGen       total 87552K, used 5631K [0x0000000081400000, 0x0000000086980000, 0x00000000d5c00000)
  object space 87552K, 6% used [0x0000000081400000,0x000000008197fd60,0x0000000086980000)
 Metaspace       used 20289K, capacity 21168K, committed 21248K, reserved 1067008K
  class space    used 2516K, capacity 2742K, committed 2816K, reserved 1048576K
Event: 3.975 GC heap after
Heap after GC invocations=6 (full 1):
 PSYoungGen      total 71680K, used 0K [0x00000000d5c00000, 0x00000000dee00000, 0x0000000100000000)
  eden space 66560K, 0% used [0x00000000d5c00000,0x00000000d5c00000,0x00000000d9d00000)
  from space 5120K, 0% used [0x00000000d9d00000,0x00000000d9d00000,0x00000000da200000)
  to   space 8192K, 0% used [0x00000000de600000,0x00000000de600000,0x00000000dee00000)
 ParOldGen       total 55808K, used 6188K [0x0000000081400000, 0x0000000084a80000, 0x00000000d5c00000)
  object space 55808K, 11% used [0x0000000081400000,0x0000000081a0b0a8,0x0000000084a80000)
 Metaspace       used 20289K, capacity 21168K, committed 21248K, reserved 1067008K
  class space    used 2516K, capacity 2742K, committed 2816K, reserved 1048576K
}
Event: 5.571 GC heap before
{Heap before GC invocations=7 (full 1):
 PSYoungGen      total 71680K, used 66560K [0x00000000d5c00000, 0x00000000dee00000, 0x0000000100000000)
  eden space 66560K, 100% used [0x00000000d5c00000,0x00000000d9d00000,0x00000000d9d00000)
  from space 5120K, 0% used [0x00000000d9d00000,0x00000000d9d00000,0x00000000da200000)
  to   space 8192K, 0% used [0x00000000de600000,0x00000000de600000,0x00000000dee00000)
 ParOldGen       total 55808K, used 6188K [0x0000000081400000, 0x0000000084a80000, 0x00000000d5c00000)
  object space 55808K, 11% used [0x0000000081400000,0x0000000081a0b0a8,0x0000000084a80000)
 Metaspace       used 24116K, capacity 25412K, committed 25600K, reserved 1071104K
  class space    used 3040K, capacity 3292K, committed 3328K, reserved 1048576K
Event: 5.585 GC heap after
Heap after GC invocations=7 (full 1):
 PSYoungGen      total 112128K, used 6495K [0x00000000d5c00000, 0x00000000dec80000, 0x0000000100000000)
  eden space 105472K, 0% used [0x00000000d5c00000,0x00000000d5c00000,0x00000000dc300000)
  from space 6656K, 97% used [0x00000000de600000,0x00000000dec57f28,0x00000000dec80000)
  to   space 8192K, 0% used [0x00000000ddc80000,0x00000000ddc80000,0x00000000de480000)
 ParOldGen       total 55808K, used 6188K [0x0000000081400000, 0x0000000084a80000, 0x00000000d5c00000)
  object space 55808K, 11% used [0x0000000081400000,0x0000000081a0b0a8,0x0000000084a80000)
 Metaspace       used 24116K, capacity 25412K, committed 25600K, reserved 1071104K
  class space    used 3040K, capacity 3292K, committed 3328K, reserved 1048576K
}

