# JRE version: Java(TM) SE Runtime Environment (8.0_162-b12) (build 1.8.0_162-b12)
# Java VM: Java HotSpot(TM) 64-Bit Server VM (25.162-b12 mixed mode windows-amd64 compressed oops)
Heap:
 PSYoungGen      total 68608K, used 13852K [0x00000000d5c00000, 0x00000000dc680000, 0x0000000100000000)
  eden space 63488K, 13% used [0x00000000d5c00000,0x00000000d648b690,0x00000000d9a00000)
  from space 5120K, 99% used [0x00000000da200000,0x00000000da6fba48,0x00000000da700000)
  to   space 8192K, 0% used [0x00000000d9a00000,0x00000000d9a00000,0x00000000da200000)
 ParOldGen       total 61952K, used 7695K [0x0000000081400000, 0x0000000085080000, 0x00000000d5c00000)
  object space 61952K, 12% used [0x0000000081400000,0x0000000081b83fe8,0x0000000085080000)
 Metaspace       used 24831K, capacity 26124K, committed 26240K, reserved 1073152K
  class space    used 3136K, capacity 3408K, committed 3456K, reserved 1048576K
GC Heap History (10 events):
Event: 2.731 GC heap before
{Heap before GC invocations=3 (full 0):
 PSYoungGen      total 38400K, used 38389K [0x00000000d5c00000, 0x00000000d8680000, 0x0000000100000000)
  eden space 33280K, 100% used [0x00000000d5c00000,0x00000000d7c80000,0x00000000d7c80000)
  from space 5120K, 99% used [0x00000000d8180000,0x00000000d867d610,0x00000000d8680000)
  to   space 5120K, 0% used [0x00000000d7c80000,0x00000000d7c80000,0x00000000d8180000)
 ParOldGen       total 87552K, used 660K [0x0000000081400000, 0x0000000086980000, 0x00000000d5c00000)
  object space 87552K, 0% used [0x0000000081400000,0x00000000814a52a0,0x0000000086980000)
 Metaspace       used 16962K, capacity 17736K, committed 17920K, reserved 1064960K
  class space    used 2089K, capacity 2278K, committed 2304K, reserved 1048576K
Event: 2.741 GC heap after
Heap after GC invocations=3 (full 0):
 PSYoungGen      total 38400K, used 5105K [0x00000000d5c00000, 0x00000000da700000, 0x0000000100000000)
  eden space 33280K, 0% used [0x00000000d5c00000,0x00000000d5c00000,0x00000000d7c80000)
  from space 5120K, 99% used [0x00000000d7c80000,0x00000000d817c690,0x00000000d8180000)
  to   space 5120K, 0% used [0x00000000da200000,0x00000000da200000,0x00000000da700000)
 ParOldGen       total 87552K, used 2885K [0x0000000081400000, 0x0000000086980000, 0x00000000d5c00000)
  object space 87552K, 3% used [0x0000000081400000,0x00000000816d1660,0x0000000086980000)
 Metaspace       used 16962K, capacity 17736K, committed 17920K, reserved 1064960K
  class space    used 2089K, capacity 2278K, committed 2304K, reserved 1048576K
}
Event: 5.180 GC heap before
{Heap before GC invocations=4 (full 0):
 PSYoungGen      total 38400K, used 38385K [0x00000000d5c00000, 0x00000000da700000, 0x0000000100000000)
  eden space 33280K, 100% used [0x00000000d5c00000,0x00000000d7c80000,0x00000000d7c80000)
  from space 5120K, 99% used [0x00000000d7c80000,0x00000000d817c690,0x00000000d8180000)
  to   space 5120K, 0% used [0x00000000da200000,0x00000000da200000,0x00000000da700000)
 ParOldGen       total 87552K, used 2885K [0x0000000081400000, 0x0000000086980000, 0x00000000d5c00000)
  object space 87552K, 3% used [0x0000000081400000,0x00000000816d1660,0x0000000086980000)
 Metaspace       used 19638K, capacity 20508K, committed 20608K, reserved 1067008K
  class space    used 2438K, capacity 2654K, committed 2688K, reserved 1048576K
Event: 5.190 GC heap after
Heap after GC invocations=4 (full 0):
 PSYoungGen      total 71680K, used 5103K [0x00000000d5c00000, 0x00000000da700000, 0x0000000100000000)
  eden space 66560K, 0% used [0x00000000d5c00000,0x00000000d5c00000,0x00000000d9d00000)
  from space 5120K, 99% used [0x00000000da200000,0x00000000da6fbec8,0x00000000da700000)
  to   space 5120K, 0% used [0x00000000d9d00000,0x00000000d9d00000,0x00000000da200000)
 ParOldGen       total 87552K, used 5030K [0x0000000081400000, 0x0000000086980000, 0x00000000d5c00000)
  object space 87552K, 5% used [0x0000000081400000,0x00000000818e9af8,0x0000000086980000)
 Metaspace       used 19638K, capacity 20508K, committed 20608K, reserved 1067008K
  class space    used 2438K, capacity 2654K, committed 2688K, reserved 1048576K
}
Event: 5.497 GC heap before
{Heap before GC invocations=5 (full 0):
 PSYoungGen      total 71680K, used 50087K [0x00000000d5c00000, 0x00000000da700000, 0x0000000100000000)
  eden space 66560K, 67% used [0x00000000d5c00000,0x00000000d87ee0f0,0x00000000d9d00000)
  from space 5120K, 99% used [0x00000000da200000,0x00000000da6fbec8,0x00000000da700000)
  to   space 5120K, 0% used [0x00000000d9d00000,0x00000000d9d00000,0x00000000da200000)
 ParOldGen       total 87552K, used 5030K [0x0000000081400000, 0x0000000086980000, 0x00000000d5c00000)
  object space 87552K, 5% used [0x0000000081400000,0x00000000818e9af8,0x0000000086980000)
 Metaspace       used 20359K, capacity 21168K, committed 21248K, reserved 1067008K
  class space    used 2524K, capacity 2744K, committed 2816K, reserved 1048576K
Event: 5.507 GC heap after
Heap after GC invocations=5 (full 0):
 PSYoungGen      total 71680K, used 5098K [0x00000000d5c00000, 0x00000000da700000, 0x0000000100000000)
  eden space 66560K, 0% used [0x00000000d5c00000,0x00000000d5c00000,0x00000000d9d00000)
  from space 5120K, 99% used [0x00000000d9d00000,0x00000000da1fabc0,0x00000000da200000)
  to   space 5120K, 0% used [0x00000000da200000,0x00000000da200000,0x00000000da700000)
 ParOldGen       total 87552K, used 6320K [0x0000000081400000, 0x0000000086980000, 0x00000000d5c00000)
  object space 87552K, 7% used [0x0000000081400000,0x0000000081a2c150,0x0000000086980000)
 Metaspace       used 20359K, capacity 21168K, committed 21248K, reserved 1067008K
  class space    used 2524K, capacity 2744K, committed 2816K, reserved 1048576K
}
Event: 5.507 GC heap before
{Heap before GC invocations=6 (full 1):
 PSYoungGen      total 71680K, used 5098K [0x00000000d5c00000, 0x00000000da700000, 0x0000000100000000)
  eden space 66560K, 0% used [0x00000000d5c00000,0x00000000d5c00000,0x00000000d9d00000)
  from space 5120K, 99% used [0x00000000d9d00000,0x00000000da1fabc0,0x00000000da200000)
  to   space 5120K, 0% used [0x00000000da200000,0x00000000da200000,0x00000000da700000)
 ParOldGen       total 87552K, used 6320K [0x0000000081400000, 0x0000000086980000, 0x00000000d5c00000)
  object space 87552K, 7% used [0x0000000081400000,0x0000000081a2c150,0x0000000086980000)
 Metaspace       used 20359K, capacity 21168K, committed 21248K, reserved 1067008K
  class space    used 2524K, capacity 2744K, committed 2816K, reserved 1048576K
Event: 5.619 GC heap after
Heap after GC invocations=6 (full 1):
 PSYoungGen      total 71680K, used 0K [0x00000000d5c00000, 0x00000000da700000, 0x0000000100000000)
  eden space 66560K, 0% used [0x00000000d5c00000,0x00000000d5c00000,0x00000000d9d00000)
  from space 5120K, 0% used [0x00000000d9d00000,0x00000000d9d00000,0x00000000da200000)
  to   space 5120K, 0% used [0x00000000da200000,0x00000000da200000,0x00000000da700000)
 ParOldGen       total 61952K, used 6324K [0x0000000081400000, 0x0000000085080000, 0x00000000d5c00000)
  object space 61952K, 10% used [0x0000000081400000,0x0000000081a2d3c8,0x0000000085080000)
 Metaspace       used 20359K, capacity 21168K, committed 21248K, reserved 1067008K
  class space    used 2524K, capacity 2744K, committed 2816K, reserved 1048576K
}
Event: 7.431 GC heap before
{Heap before GC invocations=7 (full 1):
 PSYoungGen      total 71680K, used 66560K [0x00000000d5c00000, 0x00000000da700000, 0x0000000100000000)
  eden space 66560K, 100% used [0x00000000d5c00000,0x00000000d9d00000,0x00000000d9d00000)
  from space 5120K, 0% used [0x00000000d9d00000,0x00000000d9d00000,0x00000000da200000)
  to   space 5120K, 0% used [0x00000000da200000,0x00000000da200000,0x00000000da700000)
 ParOldGen       total 61952K, used 6324K [0x0000000081400000, 0x0000000085080000, 0x00000000d5c00000)
  object space 61952K, 10% used [0x0000000081400000,0x0000000081a2d3c8,0x0000000085080000)
 Metaspace       used 24192K, capacity 25472K, committed 25600K, reserved 1071104K
  class space    used 3051K, capacity 3292K, committed 3328K, reserved 1048576K
Event: 7.442 GC heap after
Heap after GC invocations=7 (full 1):
 PSYoungGen      total 68608K, used 5102K [0x00000000d5c00000, 0x00000000dc680000, 0x0000000100000000)
  eden space 63488K, 0% used [0x00000000d5c00000,0x00000000d5c00000,0x00000000d9a00000)
  from space 5120K, 99% used [0x00000000da200000,0x00000000da6fba48,0x00000000da700000)
  to   space 8192K, 0% used [0x00000000d9a00000,0x00000000d9a00000,0x00000000da200000)
 ParOldGen       total 61952K, used 7695K [0x0000000081400000, 0x0000000085080000, 0x00000000d5c00000)
  object space 61952K, 12% used [0x0000000081400000,0x0000000081b83fe8,0x0000000085080000)
 Metaspace       used 24192K, capacity 25472K, committed 25600K, reserved 1071104K
  class space    used 3051K, capacity 3292K, committed 3328K, reserved 1048576K
}

