# JRE version: Java(TM) SE Runtime Environment (8.0_162-b12) (build 1.8.0_162-b12)
# Java VM: Java HotSpot(TM) 64-Bit Server VM (25.162-b12 mixed mode windows-amd64 compressed oops)
Heap:
 PSYoungGen      total 74752K, used 37867K [0x00000000d5c00000, 0x00000000dad00000, 0x0000000100000000)
  eden space 66560K, 46% used [0x00000000d5c00000,0x00000000d7a6ef48,0x00000000d9d00000)
  from space 8192K, 81% used [0x00000000d9d00000,0x00000000da38bdf8,0x00000000da500000)
  to   space 7680K, 0% used [0x00000000da580000,0x00000000da580000,0x00000000dad00000)
 ParOldGen       total 47104K, used 6292K [0x0000000081400000, 0x0000000084200000, 0x00000000d5c00000)
  object space 47104K, 13% used [0x0000000081400000,0x0000000081a25320,0x0000000084200000)
 Metaspace       used 26969K, capacity 28854K, committed 29056K, reserved 1075200K
  class space    used 3505K, capacity 3843K, committed 3968K, reserved 1048576K
GC Heap History (10 events):
Event: 4.558 GC heap before
{Heap before GC invocations=4 (full 0):
 PSYoungGen      total 38400K, used 38352K [0x00000000d5c00000, 0x00000000da700000, 0x0000000100000000)
  eden space 33280K, 99% used [0x00000000d5c00000,0x00000000d7c7bce0,0x00000000d7c80000)
  from space 5120K, 99% used [0x00000000d7c80000,0x00000000d8178608,0x00000000d8180000)
  to   space 5120K, 0% used [0x00000000da200000,0x00000000da200000,0x00000000da700000)
 ParOldGen       total 87552K, used 2651K [0x0000000081400000, 0x0000000086980000, 0x00000000d5c00000)
  object space 87552K, 3% used [0x0000000081400000,0x0000000081696f58,0x0000000086980000)
 Metaspace       used 19650K, capacity 20512K, committed 20608K, reserved 1067008K
  class space    used 2442K, capacity 2654K, committed 2688K, reserved 1048576K
Event: 4.567 GC heap after
Heap after GC invocations=4 (full 0):
 PSYoungGen      total 38400K, used 5095K [0x00000000d5c00000, 0x00000000da700000, 0x0000000100000000)
  eden space 33280K, 0% used [0x00000000d5c00000,0x00000000d5c00000,0x00000000d7c80000)
  from space 5120K, 99% used [0x00000000da200000,0x00000000da6f9f48,0x00000000da700000)
  to   space 5120K, 0% used [0x00000000d7c80000,0x00000000d7c80000,0x00000000d8180000)
 ParOldGen       total 87552K, used 4802K [0x0000000081400000, 0x0000000086980000, 0x00000000d5c00000)
  object space 87552K, 5% used [0x0000000081400000,0x00000000818b08b8,0x0000000086980000)
 Metaspace       used 19650K, capacity 20512K, committed 20608K, reserved 1067008K
  class space    used 2442K, capacity 2654K, committed 2688K, reserved 1048576K
}
Event: 4.581 GC heap before
{Heap before GC invocations=5 (full 0):
 PSYoungGen      total 38400K, used 38365K [0x00000000d5c00000, 0x00000000da700000, 0x0000000100000000)
  eden space 33280K, 99% used [0x00000000d5c00000,0x00000000d7c7d690,0x00000000d7c80000)
  from space 5120K, 99% used [0x00000000da200000,0x00000000da6f9f48,0x00000000da700000)
  to   space 5120K, 0% used [0x00000000d7c80000,0x00000000d7c80000,0x00000000d8180000)
 ParOldGen       total 87552K, used 4802K [0x0000000081400000, 0x0000000086980000, 0x00000000d5c00000)
  object space 87552K, 5% used [0x0000000081400000,0x00000000818b08b8,0x0000000086980000)
 Metaspace       used 19670K, capacity 20512K, committed 20608K, reserved 1067008K
  class space    used 2444K, capacity 2654K, committed 2688K, reserved 1048576K
Event: 4.588 GC heap after
Heap after GC invocations=5 (full 0):
 PSYoungGen      total 38400K, used 5096K [0x00000000d5c00000, 0x00000000dae00000, 0x0000000100000000)
  eden space 33280K, 0% used [0x00000000d5c00000,0x00000000d5c00000,0x00000000d7c80000)
  from space 5120K, 99% used [0x00000000d7c80000,0x00000000d817a2f0,0x00000000d8180000)
  to   space 8704K, 0% used [0x00000000da580000,0x00000000da580000,0x00000000dae00000)
 ParOldGen       total 87552K, used 4935K [0x0000000081400000, 0x0000000086980000, 0x00000000d5c00000)
  object space 87552K, 5% used [0x0000000081400000,0x00000000818d1fa0,0x0000000086980000)
 Metaspace       used 19670K, capacity 20512K, committed 20608K, reserved 1067008K
  class space    used 2444K, capacity 2654K, committed 2688K, reserved 1048576K
}
Event: 4.846 GC heap before
{Heap before GC invocations=6 (full 0):
 PSYoungGen      total 38400K, used 16116K [0x00000000d5c00000, 0x00000000dae00000, 0x0000000100000000)
  eden space 33280K, 33% used [0x00000000d5c00000,0x00000000d66c2df0,0x00000000d7c80000)
  from space 5120K, 99% used [0x00000000d7c80000,0x00000000d817a2f0,0x00000000d8180000)
  to   space 8704K, 0% used [0x00000000da580000,0x00000000da580000,0x00000000dae00000)
 ParOldGen       total 87552K, used 4935K [0x0000000081400000, 0x0000000086980000, 0x00000000d5c00000)
  object space 87552K, 5% used [0x0000000081400000,0x00000000818d1fa0,0x0000000086980000)
 Metaspace       used 20360K, capacity 21168K, committed 21248K, reserved 1067008K
  class space    used 2525K, capacity 2742K, committed 2816K, reserved 1048576K
Event: 4.855 GC heap after
Heap after GC invocations=6 (full 0):
 PSYoungGen      total 74240K, used 6352K [0x00000000d5c00000, 0x00000000dad00000, 0x0000000100000000)
  eden space 66560K, 0% used [0x00000000d5c00000,0x00000000d5c00000,0x00000000d9d00000)
  from space 7680K, 82% used [0x00000000da580000,0x00000000dabb4160,0x00000000dad00000)
  to   space 8192K, 0% used [0x00000000d9d00000,0x00000000d9d00000,0x00000000da500000)
 ParOldGen       total 87552K, used 4943K [0x0000000081400000, 0x0000000086980000, 0x00000000d5c00000)
  object space 87552K, 5% used [0x0000000081400000,0x00000000818d3fa0,0x0000000086980000)
 Metaspace       used 20360K, capacity 21168K, committed 21248K, reserved 1067008K
  class space    used 2525K, capacity 2742K, committed 2816K, reserved 1048576K
}
Event: 4.855 GC heap before
{Heap before GC invocations=7 (full 1):
 PSYoungGen      total 74240K, used 6352K [0x00000000d5c00000, 0x00000000dad00000, 0x0000000100000000)
  eden space 66560K, 0% used [0x00000000d5c00000,0x00000000d5c00000,0x00000000d9d00000)
  from space 7680K, 82% used [0x00000000da580000,0x00000000dabb4160,0x00000000dad00000)
  to   space 8192K, 0% used [0x00000000d9d00000,0x00000000d9d00000,0x00000000da500000)
 ParOldGen       total 87552K, used 4943K [0x0000000081400000, 0x0000000086980000, 0x00000000d5c00000)
  object space 87552K, 5% used [0x0000000081400000,0x00000000818d3fa0,0x0000000086980000)
 Metaspace       used 20360K, capacity 21168K, committed 21248K, reserved 1067008K
  class space    used 2525K, capacity 2742K, committed 2816K, reserved 1048576K
Event: 4.903 GC heap after
Heap after GC invocations=7 (full 1):
 PSYoungGen      total 74240K, used 0K [0x00000000d5c00000, 0x00000000dad00000, 0x0000000100000000)
  eden space 66560K, 0% used [0x00000000d5c00000,0x00000000d5c00000,0x00000000d9d00000)
  from space 7680K, 0% used [0x00000000da580000,0x00000000da580000,0x00000000dad00000)
  to   space 8192K, 0% used [0x00000000d9d00000,0x00000000d9d00000,0x00000000da500000)
 ParOldGen       total 47104K, used 6284K [0x0000000081400000, 0x0000000084200000, 0x00000000d5c00000)
  object space 47104K, 13% used [0x0000000081400000,0x0000000081a23320,0x0000000084200000)
 Metaspace       used 20360K, capacity 21168K, committed 21248K, reserved 1067008K
  class space    used 2525K, capacity 2742K, committed 2816K, reserved 1048576K
}
Event: 6.635 GC heap before
{Heap before GC invocations=8 (full 1):
 PSYoungGen      total 74240K, used 66560K [0x00000000d5c00000, 0x00000000dad00000, 0x0000000100000000)
  eden space 66560K, 100% used [0x00000000d5c00000,0x00000000d9d00000,0x00000000d9d00000)
  from space 7680K, 0% used [0x00000000da580000,0x00000000da580000,0x00000000dad00000)
  to   space 8192K, 0% used [0x00000000d9d00000,0x00000000d9d00000,0x00000000da500000)
 ParOldGen       total 47104K, used 6284K [0x0000000081400000, 0x0000000084200000, 0x00000000d5c00000)
  object space 47104K, 13% used [0x0000000081400000,0x0000000081a23320,0x0000000084200000)
 Metaspace       used 24306K, capacity 25636K, committed 25856K, reserved 1071104K
  class space    used 3066K, capacity 3324K, committed 3328K, reserved 1048576K
Event: 6.643 GC heap after
Heap after GC invocations=8 (full 1):
 PSYoungGen      total 74752K, used 6703K [0x00000000d5c00000, 0x00000000dad00000, 0x0000000100000000)
  eden space 66560K, 0% used [0x00000000d5c00000,0x00000000d5c00000,0x00000000d9d00000)
  from space 8192K, 81% used [0x00000000d9d00000,0x00000000da38bdf8,0x00000000da500000)
  to   space 7680K, 0% used [0x00000000da580000,0x00000000da580000,0x00000000dad00000)
 ParOldGen       total 47104K, used 6292K [0x0000000081400000, 0x0000000084200000, 0x00000000d5c00000)
  object space 47104K, 13% used [0x0000000081400000,0x0000000081a25320,0x0000000084200000)
 Metaspace       used 24306K, capacity 25636K, committed 25856K, reserved 1071104K
  class space    used 3066K, capacity 3324K, committed 3328K, reserved 1048576K
}

